[info] [API] Request for entity/actions: {
	"action": "entity/actions",
	"params": {
		"clickedPath": "C:/Users/Merry/WebstormProjects/low-kurs/lowgular-course-entry/src/app/ui/employee-list/employee-list.component.ts",
		"position": 416
	},
	"context": {
		"workspace": {
			"rootPath": "C:/Users/Merry/WebstormProjects/low-kurs/lowgular-course-entry"
		},
		"userContext": {
			"id": "",
			"correlationId": "LF9UEgoO1Z",
			"logEnvId": "development"
		}
	},
	"level": "info",
	"message": "[API] Request for entity/actions"
}
[info] [CLI] Calling Query entity/actions: {
	"funcParams": {
		"clickedPath": "C:/Users/Merry/WebstormProjects/low-kurs/lowgular-course-entry/src/app/ui/employee-list/employee-list.component.ts",
		"position": 416
	},
	"level": "info",
	"message": "[CLI] Calling Query entity/actions"
}
[info] [API] Response ok: entity/actions: {
	"result": [
		{
			"id": "RXJS_PROPERTY",
			"label": "RxJS Property",
			"context": {
				"parentClass": "EmployeeListComponent"
			}
		},
		{
			"id": "ADD_FORM",
			"label": "Form Property",
			"context": {}
		},
		{
			"id": "INJECT",
			"label": "Inject",
			"context": {}
		}
	],
	"level": "info",
	"message": "[API] Response ok: entity/actions"
}
[info] [CLI] Called Query entity/actions: {
	"result": [
		{
			"id": "RXJS_PROPERTY",
			"label": "RxJS Property",
			"context": {
				"parentClass": "EmployeeListComponent"
			}
		},
		{
			"id": "ADD_FORM",
			"label": "Form Property",
			"context": {}
		},
		{
			"id": "INJECT",
			"label": "Inject",
			"context": {}
		}
	],
	"level": "info",
	"message": "[CLI] Called Query entity/actions"
}
[info] [API] Request for entity/actions: {
	"action": "entity/actions",
	"params": {
		"clickedPath": "C:/Users/Merry/WebstormProjects/low-kurs/lowgular-course-entry/src/app/ui/employee-list/employee-list.component.ts",
		"position": 416
	},
	"context": {
		"workspace": {
			"rootPath": "C:/Users/Merry/WebstormProjects/low-kurs/lowgular-course-entry"
		},
		"userContext": {
			"id": "dkkPrciUSzZfFx1JFC3iDBYXh8E3",
			"correlationId": "L5ltvze_-R",
			"logEnvId": "development"
		}
	},
	"level": "info",
	"message": "[API] Request for entity/actions"
}
[info] [CLI] Calling Query entity/actions: {
	"funcParams": {
		"clickedPath": "C:/Users/Merry/WebstormProjects/low-kurs/lowgular-course-entry/src/app/ui/employee-list/employee-list.component.ts",
		"position": 416
	},
	"level": "info",
	"message": "[CLI] Calling Query entity/actions"
}
[info] [API] Response ok: entity/actions: {
	"result": [
		{
			"id": "RXJS_PROPERTY",
			"label": "RxJS Property",
			"context": {
				"parentClass": "EmployeeListComponent"
			}
		},
		{
			"id": "ADD_FORM",
			"label": "Form Property",
			"context": {}
		},
		{
			"id": "INJECT",
			"label": "Inject",
			"context": {}
		}
	],
	"level": "info",
	"message": "[API] Response ok: entity/actions"
}
[info] [CLI] Called Query entity/actions: {
	"result": [
		{
			"id": "RXJS_PROPERTY",
			"label": "RxJS Property",
			"context": {
				"parentClass": "EmployeeListComponent"
			}
		},
		{
			"id": "ADD_FORM",
			"label": "Form Property",
			"context": {}
		},
		{
			"id": "INJECT",
			"label": "Inject",
			"context": {}
		}
	],
	"level": "info",
	"message": "[CLI] Called Query entity/actions"
}
[info] [API] Request for entity/actions: {
	"action": "entity/actions",
	"params": {
		"clickedPath": "C:/Users/Merry/WebstormProjects/low-kurs/lowgular-course-entry/src/app/ui/employee-list/employee-list.component.ts",
		"position": 416
	},
	"context": {
		"workspace": {
			"rootPath": "C:/Users/Merry/WebstormProjects/low-kurs/lowgular-course-entry"
		},
		"userContext": {
			"id": "dkkPrciUSzZfFx1JFC3iDBYXh8E3",
			"correlationId": "lnzSDP7zf2",
			"logEnvId": "development"
		}
	},
	"level": "info",
	"message": "[API] Request for entity/actions"
}
[info] [CLI] Calling Query entity/actions: {
	"funcParams": {
		"clickedPath": "C:/Users/Merry/WebstormProjects/low-kurs/lowgular-course-entry/src/app/ui/employee-list/employee-list.component.ts",
		"position": 416
	},
	"level": "info",
	"message": "[CLI] Calling Query entity/actions"
}
[info] [API] Response ok: entity/actions: {
	"result": [
		{
			"id": "RXJS_PROPERTY",
			"label": "RxJS Property",
			"context": {
				"parentClass": "EmployeeListComponent"
			}
		},
		{
			"id": "ADD_FORM",
			"label": "Form Property",
			"context": {}
		},
		{
			"id": "INJECT",
			"label": "Inject",
			"context": {}
		}
	],
	"level": "info",
	"message": "[API] Response ok: entity/actions"
}
[info] [CLI] Called Query entity/actions: {
	"result": [
		{
			"id": "RXJS_PROPERTY",
			"label": "RxJS Property",
			"context": {
				"parentClass": "EmployeeListComponent"
			}
		},
		{
			"id": "ADD_FORM",
			"label": "Form Property",
			"context": {}
		},
		{
			"id": "INJECT",
			"label": "Inject",
			"context": {}
		}
	],
	"level": "info",
	"message": "[CLI] Called Query entity/actions"
}
[info] [API] Request for injectable/list: {
	"action": "injectable/list",
	"params": {
		"entityFilePath": "C:/Users/Merry/WebstormProjects/low-kurs/lowgular-course-entry/src/app/ui/employee-list/employee-list.component.ts"
	},
	"context": {
		"workspace": {
			"rootPath": "C:/Users/Merry/WebstormProjects/low-kurs/lowgular-course-entry"
		},
		"userContext": {
			"id": "dkkPrciUSzZfFx1JFC3iDBYXh8E3",
			"correlationId": "lnzSDP7zf2",
			"logEnvId": "development"
		}
	},
	"level": "info",
	"message": "[API] Request for injectable/list"
}
[info] [CLI] Calling Query injectable/list: {
	"funcParams": {
		"entityFilePath": "C:/Users/Merry/WebstormProjects/low-kurs/lowgular-course-entry/src/app/ui/employee-list/employee-list.component.ts"
	},
	"level": "info",
	"message": "[CLI] Calling Query injectable/list"
}
[info] [CLI] Called Query injectable/list: {
	"result": [
		{
			"id": "httpClient",
			"dataType": "External",
			"name": "HttpClient",
			"relatedTypes": {}
		}
	],
	"level": "info",
	"message": "[CLI] Called Query injectable/list"
}
[info] [API] Response ok: injectable/list: {
	"result": [
		{
			"id": "httpClient",
			"dataType": "External",
			"name": "HttpClient",
			"relatedTypes": {}
		}
	],
	"level": "info",
	"message": "[API] Response ok: injectable/list"
}
[info] [API] Request for injectable/inject-external: {
	"action": "injectable/inject-external",
	"params": {
		"entityFilePath": "C:/Users/Merry/WebstormProjects/low-kurs/lowgular-course-entry/src/app/ui/employee-list/employee-list.component.ts",
		"externalId": "httpClient"
	},
	"context": {
		"workspace": {
			"rootPath": "C:/Users/Merry/WebstormProjects/low-kurs/lowgular-course-entry"
		},
		"userContext": {
			"id": "dkkPrciUSzZfFx1JFC3iDBYXh8E3",
			"correlationId": "lnzSDP7zf2",
			"logEnvId": "development"
		}
	},
	"level": "info",
	"message": "[API] Request for injectable/inject-external"
}
[info] [CLI] Calling Command injectable/inject-external: {
	"funcParams": {
		"entityFilePath": "C:/Users/Merry/WebstormProjects/low-kurs/lowgular-course-entry/src/app/ui/employee-list/employee-list.component.ts",
		"externalId": "httpClient"
	},
	"level": "info",
	"message": "[CLI] Calling Command injectable/inject-external"
}
[info] [CommandBus]: Dispatching command INJECT_EXTERNAL_DEPENDENCY: {
	"commandName": "INJECT_EXTERNAL_DEPENDENCY",
	"payload": {
		"entityFilePath": "C:/Users/Merry/WebstormProjects/low-kurs/lowgular-course-entry/src/app/ui/employee-list/employee-list.component.ts",
		"externalType": "HttpClient",
		"genericFilePaths": []
	},
	"level": "info",
	"message": "[CommandBus]: Dispatching command INJECT_EXTERNAL_DEPENDENCY"
}
[info] [CommandBus]: Handled  INJECT_EXTERNAL_DEPENDENCY: {
	"commandName": "INJECT_EXTERNAL_DEPENDENCY",
	"payload": {
		"entityFilePath": "C:/Users/Merry/WebstormProjects/low-kurs/lowgular-course-entry/src/app/ui/employee-list/employee-list.component.ts",
		"externalType": "HttpClient",
		"genericFilePaths": []
	},
	"level": "info",
	"message": "[CommandBus]: Handled  INJECT_EXTERNAL_DEPENDENCY"
}
[info] [CLI] Called Command injectable/inject-external: {
	"message": "[CLI] Called Command injectable/inject-external",
	"level": "info"
}
[info] [API] Response ok: injectable/inject-external: {
	"result": {
		"filePath": "C:/Users/Merry/WebstormProjects/low-kurs/lowgular-course-entry/src/app/ui/employee-list/employee-list.component.ts"
	},
	"level": "info",
	"message": "[API] Response ok: injectable/inject-external"
}
[info] [API] Request for projects/list: {
	"action": "projects/list",
	"params": {
		"clickedPath": "C:/Users/Merry/WebstormProjects/low-kurs/lowgular-course-entry/src/app"
	},
	"context": {
		"workspace": {
			"rootPath": "C:/Users/Merry/WebstormProjects/low-kurs/lowgular-course-entry"
		},
		"userContext": {
			"id": "dkkPrciUSzZfFx1JFC3iDBYXh8E3",
			"correlationId": "TP4w4d-ywo",
			"logEnvId": "development"
		}
	},
	"level": "info",
	"message": "[API] Request for projects/list"
}
[info] [CLI] Calling Query projects/list: {
	"funcParams": {
		"clickedPath": "C:/Users/Merry/WebstormProjects/low-kurs/lowgular-course-entry/src/app"
	},
	"level": "info",
	"message": "[CLI] Calling Query projects/list"
}
[info] [CLI] Called Query projects/list: {
	"result": {
		"clickedProject": {
			"name": "lowgular-course-entry",
			"path": "C:/Users/Merry/WebstormProjects/low-kurs/lowgular-course-entry/src/app"
		},
		"otherProjects": []
	},
	"level": "info",
	"message": "[CLI] Called Query projects/list"
}
[info] [API] Response ok: projects/list: {
	"result": {
		"clickedProject": {
			"name": "lowgular-course-entry",
			"path": "C:/Users/Merry/WebstormProjects/low-kurs/lowgular-course-entry/src/app"
		},
		"otherProjects": []
	},
	"level": "info",
	"message": "[API] Response ok: projects/list"
}
[info] [API] Request for entity/list: {
	"action": "entity/list",
	"params": {
		"clickedPath": "C:/Users/Merry/WebstormProjects/low-kurs/lowgular-course-entry/src/app"
	},
	"context": {
		"workspace": {
			"rootPath": "C:/Users/Merry/WebstormProjects/low-kurs/lowgular-course-entry"
		},
		"userContext": {
			"id": "dkkPrciUSzZfFx1JFC3iDBYXh8E3",
			"correlationId": "TP4w4d-ywo",
			"logEnvId": "development"
		}
	},
	"level": "info",
	"message": "[API] Request for entity/list"
}
[info] [CLI] Calling Query entity/list: {
	"funcParams": {
		"clickedPath": "C:/Users/Merry/WebstormProjects/low-kurs/lowgular-course-entry/src/app"
	},
	"level": "info",
	"message": "[CLI] Calling Query entity/list"
}
[info] [CLI] Called Query entity/list: {
	"result": [
		{
			"id": "component",
			"type": "ANGULAR_COMPONENT",
			"suffix": "Component",
			"folder": "ui/$name$",
			"insideOf": "App",
			"config": {
				"stylesExtension": "none",
				"viewEncapsulation": "Emulated",
				"selector": "generated",
				"changeDetectionStrategy": "OnPush"
			}
		},
		{
			"id": "dataService",
			"type": "SERVICE",
			"suffix": "Service",
			"folder": "services",
			"insideOf": "App"
		},
		{
			"id": "model",
			"type": "DATA_STRUCTURE",
			"suffix": "Model",
			"folder": "model",
			"insideOf": "App"
		},
		{
			"id": "response",
			"type": "DATA_STRUCTURE",
			"suffix": "Response",
			"folder": "services",
			"insideOf": "App"
		}
	],
	"level": "info",
	"message": "[CLI] Called Query entity/list"
}
[info] [API] Response ok: entity/list: {
	"result": [
		{
			"id": "component",
			"type": "ANGULAR_COMPONENT",
			"suffix": "Component",
			"folder": "ui/$name$",
			"insideOf": "App",
			"config": {
				"stylesExtension": "none",
				"viewEncapsulation": "Emulated",
				"selector": "generated",
				"changeDetectionStrategy": "OnPush"
			}
		},
		{
			"id": "dataService",
			"type": "SERVICE",
			"suffix": "Service",
			"folder": "services",
			"insideOf": "App"
		},
		{
			"id": "model",
			"type": "DATA_STRUCTURE",
			"suffix": "Model",
			"folder": "model",
			"insideOf": "App"
		},
		{
			"id": "response",
			"type": "DATA_STRUCTURE",
			"suffix": "Response",
			"folder": "services",
			"insideOf": "App"
		}
	],
	"level": "info",
	"message": "[API] Response ok: entity/list"
}
[info] [API] Request for angular-component/create: {
	"action": "angular-component/create",
	"params": {
		"name": "employees-faces",
		"clickedPath": "C:/Users/Merry/WebstormProjects/low-kurs/lowgular-course-entry/src/app",
		"entityId": "component"
	},
	"context": {
		"workspace": {
			"rootPath": "C:/Users/Merry/WebstormProjects/low-kurs/lowgular-course-entry"
		},
		"userContext": {
			"id": "dkkPrciUSzZfFx1JFC3iDBYXh8E3",
			"correlationId": "TP4w4d-ywo",
			"logEnvId": "development"
		}
	},
	"level": "info",
	"message": "[API] Request for angular-component/create"
}
[info] [CLI] Calling Command angular-component/create: {
	"funcParams": {
		"name": "employees-faces",
		"clickedPath": "C:/Users/Merry/WebstormProjects/low-kurs/lowgular-course-entry/src/app",
		"entityId": "component"
	},
	"level": "info",
	"message": "[CLI] Calling Command angular-component/create"
}
[info] [CommandBus]: Dispatching command COMPONENT_CREATE_SMART_COMPONENT: {
	"commandName": "COMPONENT_CREATE_SMART_COMPONENT",
	"payload": {
		"name": "employees-faces",
		"prefix": "app",
		"suffix": "Component",
		"absoluteFolderPath": "C:/Users/Merry/WebstormProjects/low-kurs/lowgular-course-entry/src/app/ui/employees-faces",
		"config": {
			"stylesExtension": "none",
			"viewEncapsulation": "Emulated",
			"selector": "generated",
			"changeDetectionStrategy": "OnPush"
		}
	},
	"level": "info",
	"message": "[CommandBus]: Dispatching command COMPONENT_CREATE_SMART_COMPONENT"
}
[warn] [TsMorphFileAdapter]: File Not Found, creating...: {
	"filePath": "C:/Users/Merry/WebstormProjects/low-kurs/lowgular-course-entry/src/app/ui/employees-faces/employees-faces.component.html",
	"level": "warn",
	"message": "[TsMorphFileAdapter]: File Not Found, creating..."
}
[info] [EventBus]: Broadcasting event COMPONENT_SMART_COMPONENT_CREATED: {
	"type": "COMPONENT_SMART_COMPONENT_CREATED",
	"payload": {
		"createdFile": "C:/Users/Merry/WebstormProjects/low-kurs/lowgular-course-entry/src/app/ui/employees-faces/employees-faces.component.ts"
	},
	"level": "info",
	"message": "[EventBus]: Broadcasting event COMPONENT_SMART_COMPONENT_CREATED"
}
[info] [CommandBus]: Dispatching command CREATE_COMPONENT_MODULE: {
	"commandName": "CREATE_COMPONENT_MODULE",
	"payload": {
		"moduleFilePath": "C:/Users/Merry/WebstormProjects/low-kurs/lowgular-course-entry/src/app/ui/employees-faces/employees-faces.component-module.ts"
	},
	"level": "info",
	"message": "[CommandBus]: Dispatching command CREATE_COMPONENT_MODULE"
}
[info] [EventBus]: Broadcasted COMPONENT_SMART_COMPONENT_CREATED: {
	"event": {
		"createdFile": "C:/Users/Merry/WebstormProjects/low-kurs/lowgular-course-entry/src/app/ui/employees-faces/employees-faces.component.ts"
	},
	"level": "info",
	"message": "[EventBus]: Broadcasted COMPONENT_SMART_COMPONENT_CREATED"
}
[info] [EventBus]: Broadcasting event MODULE_MODULE_CREATED: {
	"type": "MODULE_MODULE_CREATED",
	"payload": {
		"moduleFile": "C:/Users/Merry/WebstormProjects/low-kurs/lowgular-course-entry/src/app/ui/employees-faces/employees-faces.component-module.ts"
	},
	"level": "info",
	"message": "[EventBus]: Broadcasting event MODULE_MODULE_CREATED"
}
[info] [EventBus]: Broadcasted MODULE_MODULE_CREATED: {
	"event": {
		"moduleFile": "C:/Users/Merry/WebstormProjects/low-kurs/lowgular-course-entry/src/app/ui/employees-faces/employees-faces.component-module.ts"
	},
	"level": "info",
	"message": "[EventBus]: Broadcasted MODULE_MODULE_CREATED"
}
[info] [CommandBus]: Handled  CREATE_COMPONENT_MODULE: {
	"commandName": "CREATE_COMPONENT_MODULE",
	"payload": {
		"moduleFilePath": "C:/Users/Merry/WebstormProjects/low-kurs/lowgular-course-entry/src/app/ui/employees-faces/employees-faces.component-module.ts"
	},
	"level": "info",
	"message": "[CommandBus]: Handled  CREATE_COMPONENT_MODULE"
}
[info] [CommandBus]: Handled  COMPONENT_CREATE_SMART_COMPONENT: {
	"commandName": "COMPONENT_CREATE_SMART_COMPONENT",
	"payload": {
		"name": "employees-faces",
		"prefix": "app",
		"suffix": "Component",
		"absoluteFolderPath": "C:/Users/Merry/WebstormProjects/low-kurs/lowgular-course-entry/src/app/ui/employees-faces",
		"config": {
			"stylesExtension": "none",
			"viewEncapsulation": "Emulated",
			"selector": "generated",
			"changeDetectionStrategy": "OnPush"
		}
	},
	"level": "info",
	"message": "[CommandBus]: Handled  COMPONENT_CREATE_SMART_COMPONENT"
}
[info] [CLI] Called Command angular-component/create: {
	"message": "[CLI] Called Command angular-component/create",
	"level": "info"
}
[info] [API] Response ok: angular-component/create: {
	"result": {
		"filePath": "C:/Users/Merry/WebstormProjects/low-kurs/lowgular-course-entry/src/app/ui/employees-faces/employees-faces.component.ts"
	},
	"level": "info",
	"message": "[API] Response ok: angular-component/create"
}
